app/build/intermediates/manifest_merge_blame_file/debug/manifest-merger-blame-debug-report.txt
1<?xml version="1.0" encoding="utf-8"?>
2<manifest xmlns:android="http://schemas.android.com/apk/res/android"
3    package="com.studentlms"
4    android:versionCode="1"
5    android:versionName="1.0" >
6
7    <uses-sdk
8        android:minSdkVersion="24"
9        android:targetSdkVersion="34" />
10
11    <!-- Permissions -->
12    <uses-permission android:name="android.permission.INTERNET" />
12-->src\main\AndroidManifest.xml:6:5-67
12-->src\main\AndroidManifest.xml:6:22-64
13    <uses-permission android:name="android.permission.ACCESS_NETWORK_STATE" />
13-->src\main\AndroidManifest.xml:7:5-79
13-->src\main\AndroidManifest.xml:7:22-76
14    <uses-permission android:name="android.permission.POST_NOTIFICATIONS" />
14-->src\main\AndroidManifest.xml:8:5-77
14-->src\main\AndroidManifest.xml:8:22-74
15    <uses-permission android:name="android.permission.SCHEDULE_EXACT_ALARM" />
15-->src\main\AndroidManifest.xml:9:5-79
15-->src\main\AndroidManifest.xml:9:22-76
16    <uses-permission android:name="android.permission.WAKE_LOCK" />
16-->src\main\AndroidManifest.xml:10:5-68
16-->src\main\AndroidManifest.xml:10:22-65
17    <uses-permission android:name="android.permission.RECEIVE_BOOT_COMPLETED" />
17-->src\main\AndroidManifest.xml:11:5-81
17-->src\main\AndroidManifest.xml:11:22-78
18    <uses-permission android:name="android.permission.USE_BIOMETRIC" /> <!-- suppress DeprecatedClassUsageInspection -->
18-->[androidx.biometric:biometric:1.1.0] AndroidManifest.xml:24:5-72
18-->[androidx.biometric:biometric:1.1.0] AndroidManifest.xml:24:22-69
19    <uses-permission android:name="android.permission.USE_FINGERPRINT" />
19-->[androidx.biometric:biometric:1.1.0] AndroidManifest.xml:27:5-74
19-->[androidx.biometric:biometric:1.1.0] AndroidManifest.xml:27:22-71
20    <uses-permission android:name="android.permission.FOREGROUND_SERVICE" /> <!-- Required by older versions of Google Play services to create IID tokens -->
20-->[androidx.work:work-runtime:2.9.0] AndroidManifest.xml:26:5-77
20-->[androidx.work:work-runtime:2.9.0] AndroidManifest.xml:26:22-74
21    <uses-permission android:name="com.google.android.c2dm.permission.RECEIVE" />
21-->[com.google.firebase:firebase-messaging:23.4.0] AndroidManifest.xml:26:5-82
21-->[com.google.firebase:firebase-messaging:23.4.0] AndroidManifest.xml:26:22-79
22
23    <permission
23-->[androidx.core:core:1.12.0] AndroidManifest.xml:22:5-24:47
24        android:name="com.studentlms.DYNAMIC_RECEIVER_NOT_EXPORTED_PERMISSION"
24-->[androidx.core:core:1.12.0] AndroidManifest.xml:23:9-81
25        android:protectionLevel="signature" />
25-->[androidx.core:core:1.12.0] AndroidManifest.xml:24:9-44
26
27    <uses-permission android:name="com.studentlms.DYNAMIC_RECEIVER_NOT_EXPORTED_PERMISSION" />
27-->[androidx.core:core:1.12.0] AndroidManifest.xml:26:5-97
27-->[androidx.core:core:1.12.0] AndroidManifest.xml:26:22-94
28
29    <application
29-->src\main\AndroidManifest.xml:13:5-66:19
30        android:name="com.studentlms.StudentLMSApplication"
30-->src\main\AndroidManifest.xml:14:9-46
31        android:allowBackup="true"
31-->src\main\AndroidManifest.xml:15:9-35
32        android:appComponentFactory="androidx.core.app.CoreComponentFactory"
32-->[androidx.core:core:1.12.0] AndroidManifest.xml:28:18-86
33        android:dataExtractionRules="@xml/data_extraction_rules"
33-->src\main\AndroidManifest.xml:16:9-65
34        android:debuggable="true"
35        android:extractNativeLibs="false"
36        android:fullBackupContent="@xml/backup_rules"
36-->src\main\AndroidManifest.xml:17:9-54
37        android:icon="@mipmap/ic_launcher"
37-->src\main\AndroidManifest.xml:18:9-43
38        android:label="@string/app_name"
38-->src\main\AndroidManifest.xml:19:9-41
39        android:roundIcon="@mipmap/ic_launcher"
39-->src\main\AndroidManifest.xml:20:9-48
40        android:supportsRtl="true"
40-->src\main\AndroidManifest.xml:21:9-35
41        android:testOnly="true"
42        android:theme="@style/Theme.StudentLMS" >
42-->src\main\AndroidManifest.xml:22:9-48
43
44        <!-- Main Activity -->
45        <activity
45-->src\main\AndroidManifest.xml:26:9-34:20
46            android:name="com.studentlms.MainActivity"
46-->src\main\AndroidManifest.xml:27:13-41
47            android:exported="true"
47-->src\main\AndroidManifest.xml:28:13-36
48            android:theme="@style/Theme.StudentLMS" >
48-->src\main\AndroidManifest.xml:29:13-52
49            <intent-filter>
49-->src\main\AndroidManifest.xml:30:13-33:29
50                <action android:name="android.intent.action.MAIN" />
50-->src\main\AndroidManifest.xml:31:17-69
50-->src\main\AndroidManifest.xml:31:25-66
51
52                <category android:name="android.intent.category.LAUNCHER" />
52-->src\main\AndroidManifest.xml:32:17-77
52-->src\main\AndroidManifest.xml:32:27-74
53            </intent-filter>
54        </activity>
55
56        <!-- Services -->
57        <service
57-->src\main\AndroidManifest.xml:37:9-43:19
58            android:name="com.studentlms.services.NotificationService"
58-->src\main\AndroidManifest.xml:38:13-57
59            android:exported="false" >
59-->src\main\AndroidManifest.xml:39:13-37
60            <intent-filter>
60-->src\main\AndroidManifest.xml:40:13-42:29
61                <action android:name="com.google.firebase.MESSAGING_EVENT" />
61-->src\main\AndroidManifest.xml:41:17-78
61-->src\main\AndroidManifest.xml:41:25-75
62            </intent-filter>
63        </service>
64
65        <!-- WorkManager -->
66        <provider
67            android:name="androidx.startup.InitializationProvider"
67-->src\main\AndroidManifest.xml:47:13-67
68            android:authorities="com.studentlms.androidx-startup"
68-->src\main\AndroidManifest.xml:48:13-68
69            android:exported="false" >
69-->src\main\AndroidManifest.xml:49:13-37
70            <meta-data
70-->src\main\AndroidManifest.xml:51:13-53:52
71                android:name="androidx.work.WorkManagerInitializer"
71-->src\main\AndroidManifest.xml:52:17-68
72                android:value="androidx.startup" />
72-->src\main\AndroidManifest.xml:53:17-49
73            <meta-data
73-->[androidx.emoji2:emoji2:1.2.0] AndroidManifest.xml:29:13-31:52
74                android:name="androidx.emoji2.text.EmojiCompatInitializer"
74-->[androidx.emoji2:emoji2:1.2.0] AndroidManifest.xml:30:17-75
75                android:value="androidx.startup" />
75-->[androidx.emoji2:emoji2:1.2.0] AndroidManifest.xml:31:17-49
76            <meta-data
76-->[androidx.lifecycle:lifecycle-process:2.7.0] AndroidManifest.xml:29:13-31:52
77                android:name="androidx.lifecycle.ProcessLifecycleInitializer"
77-->[androidx.lifecycle:lifecycle-process:2.7.0] AndroidManifest.xml:30:17-78
78                android:value="androidx.startup" />
78-->[androidx.lifecycle:lifecycle-process:2.7.0] AndroidManifest.xml:31:17-49
79            <meta-data
79-->[androidx.profileinstaller:profileinstaller:1.3.0] AndroidManifest.xml:29:13-31:52
80                android:name="androidx.profileinstaller.ProfileInstallerInitializer"
80-->[androidx.profileinstaller:profileinstaller:1.3.0] AndroidManifest.xml:30:17-85
81                android:value="androidx.startup" />
81-->[androidx.profileinstaller:profileinstaller:1.3.0] AndroidManifest.xml:31:17-49
82        </provider>
83
84        <!-- Broadcast Receivers -->
85        <receiver
85-->src\main\AndroidManifest.xml:57:9-64:20
86            android:name="com.studentlms.receivers.BootReceiver"
86-->src\main\AndroidManifest.xml:58:13-51
87            android:enabled="true"
87-->src\main\AndroidManifest.xml:59:13-35
88            android:exported="true" >
88-->src\main\AndroidManifest.xml:60:13-36
89            <intent-filter>
89-->src\main\AndroidManifest.xml:61:13-63:29
90                <action android:name="android.intent.action.BOOT_COMPLETED" />
90-->src\main\AndroidManifest.xml:62:17-79
90-->src\main\AndroidManifest.xml:62:25-76
91            </intent-filter>
92        </receiver>
93
94        <service
94-->[androidx.work:work-runtime:2.9.0] AndroidManifest.xml:39:9-45:35
95            android:name="androidx.work.impl.background.systemalarm.SystemAlarmService"
95-->[androidx.work:work-runtime:2.9.0] AndroidManifest.xml:40:13-88
96            android:directBootAware="false"
96-->[androidx.work:work-runtime:2.9.0] AndroidManifest.xml:41:13-44
97            android:enabled="@bool/enable_system_alarm_service_default"
97-->[androidx.work:work-runtime:2.9.0] AndroidManifest.xml:42:13-72
98            android:exported="false" />
98-->[androidx.work:work-runtime:2.9.0] AndroidManifest.xml:43:13-37
99        <service
99-->[androidx.work:work-runtime:2.9.0] AndroidManifest.xml:46:9-52:35
100            android:name="androidx.work.impl.background.systemjob.SystemJobService"
100-->[androidx.work:work-runtime:2.9.0] AndroidManifest.xml:47:13-84
101            android:directBootAware="false"
101-->[androidx.work:work-runtime:2.9.0] AndroidManifest.xml:48:13-44
102            android:enabled="@bool/enable_system_job_service_default"
102-->[androidx.work:work-runtime:2.9.0] AndroidManifest.xml:49:13-70
103            android:exported="true"
103-->[androidx.work:work-runtime:2.9.0] AndroidManifest.xml:50:13-36
104            android:permission="android.permission.BIND_JOB_SERVICE" />
104-->[androidx.work:work-runtime:2.9.0] AndroidManifest.xml:51:13-69
105        <service
105-->[androidx.work:work-runtime:2.9.0] AndroidManifest.xml:53:9-59:35
106            android:name="androidx.work.impl.foreground.SystemForegroundService"
106-->[androidx.work:work-runtime:2.9.0] AndroidManifest.xml:54:13-81
107            android:directBootAware="false"
107-->[androidx.work:work-runtime:2.9.0] AndroidManifest.xml:55:13-44
108            android:enabled="@bool/enable_system_foreground_service_default"
108-->[androidx.work:work-runtime:2.9.0] AndroidManifest.xml:56:13-77
109            android:exported="false" />
109-->[androidx.work:work-runtime:2.9.0] AndroidManifest.xml:57:13-37
110
111        <receiver
111-->[androidx.work:work-runtime:2.9.0] AndroidManifest.xml:61:9-66:35
112            android:name="androidx.work.impl.utils.ForceStopRunnable$BroadcastReceiver"
112-->[androidx.work:work-runtime:2.9.0] AndroidManifest.xml:62:13-88
113            android:directBootAware="false"
113-->[androidx.work:work-runtime:2.9.0] AndroidManifest.xml:63:13-44
114            android:enabled="true"
114-->[androidx.work:work-runtime:2.9.0] AndroidManifest.xml:64:13-35
115            android:exported="false" />
115-->[androidx.work:work-runtime:2.9.0] AndroidManifest.xml:65:13-37
116        <receiver
116-->[androidx.work:work-runtime:2.9.0] AndroidManifest.xml:67:9-77:20
117            android:name="androidx.work.impl.background.systemalarm.ConstraintProxy$BatteryChargingProxy"
117-->[androidx.work:work-runtime:2.9.0] AndroidManifest.xml:68:13-106
118            android:directBootAware="false"
118-->[androidx.work:work-runtime:2.9.0] AndroidManifest.xml:69:13-44
119            android:enabled="false"
119-->[androidx.work:work-runtime:2.9.0] AndroidManifest.xml:70:13-36
120            android:exported="false" >
120-->[androidx.work:work-runtime:2.9.0] AndroidManifest.xml:71:13-37
121            <intent-filter>
121-->[androidx.work:work-runtime:2.9.0] AndroidManifest.xml:73:13-76:29
122                <action android:name="android.intent.action.ACTION_POWER_CONNECTED" />
122-->[androidx.work:work-runtime:2.9.0] AndroidManifest.xml:74:17-87
122-->[androidx.work:work-runtime:2.9.0] AndroidManifest.xml:74:25-84
123                <action android:name="android.intent.action.ACTION_POWER_DISCONNECTED" />
123-->[androidx.work:work-runtime:2.9.0] AndroidManifest.xml:75:17-90
123-->[androidx.work:work-runtime:2.9.0] AndroidManifest.xml:75:25-87
124            </intent-filter>
125        </receiver>
126        <receiver
126-->[androidx.work:work-runtime:2.9.0] AndroidManifest.xml:78:9-88:20
127            android:name="androidx.work.impl.background.systemalarm.ConstraintProxy$BatteryNotLowProxy"
127-->[androidx.work:work-runtime:2.9.0] AndroidManifest.xml:79:13-104
128            android:directBootAware="false"
128-->[androidx.work:work-runtime:2.9.0] AndroidManifest.xml:80:13-44
129            android:enabled="false"
129-->[androidx.work:work-runtime:2.9.0] AndroidManifest.xml:81:13-36
130            android:exported="false" >
130-->[androidx.work:work-runtime:2.9.0] AndroidManifest.xml:82:13-37
131            <intent-filter>
131-->[androidx.work:work-runtime:2.9.0] AndroidManifest.xml:84:13-87:29
132                <action android:name="android.intent.action.BATTERY_OKAY" />
132-->[androidx.work:work-runtime:2.9.0] AndroidManifest.xml:85:17-77
132-->[androidx.work:work-runtime:2.9.0] AndroidManifest.xml:85:25-74
133                <action android:name="android.intent.action.BATTERY_LOW" />
133-->[androidx.work:work-runtime:2.9.0] AndroidManifest.xml:86:17-76
133-->[androidx.work:work-runtime:2.9.0] AndroidManifest.xml:86:25-73
134            </intent-filter>
135        </receiver>
136        <receiver
136-->[androidx.work:work-runtime:2.9.0] AndroidManifest.xml:89:9-99:20
137            android:name="androidx.work.impl.background.systemalarm.ConstraintProxy$StorageNotLowProxy"
137-->[androidx.work:work-runtime:2.9.0] AndroidManifest.xml:90:13-104
138            android:directBootAware="false"
138-->[androidx.work:work-runtime:2.9.0] AndroidManifest.xml:91:13-44
139            android:enabled="false"
139-->[androidx.work:work-runtime:2.9.0] AndroidManifest.xml:92:13-36
140            android:exported="false" >
140-->[androidx.work:work-runtime:2.9.0] AndroidManifest.xml:93:13-37
141            <intent-filter>
141-->[androidx.work:work-runtime:2.9.0] AndroidManifest.xml:95:13-98:29
142                <action android:name="android.intent.action.DEVICE_STORAGE_LOW" />
142-->[androidx.work:work-runtime:2.9.0] AndroidManifest.xml:96:17-83
142-->[androidx.work:work-runtime:2.9.0] AndroidManifest.xml:96:25-80
143                <action android:name="android.intent.action.DEVICE_STORAGE_OK" />
143-->[androidx.work:work-runtime:2.9.0] AndroidManifest.xml:97:17-82
143-->[androidx.work:work-runtime:2.9.0] AndroidManifest.xml:97:25-79
144            </intent-filter>
145        </receiver>
146        <receiver
146-->[androidx.work:work-runtime:2.9.0] AndroidManifest.xml:100:9-109:20
147            android:name="androidx.work.impl.background.systemalarm.ConstraintProxy$NetworkStateProxy"
147-->[androidx.work:work-runtime:2.9.0] AndroidManifest.xml:101:13-103
148            android:directBootAware="false"
148-->[androidx.work:work-runtime:2.9.0] AndroidManifest.xml:102:13-44
149            android:enabled="false"
149-->[androidx.work:work-runtime:2.9.0] AndroidManifest.xml:103:13-36
150            android:exported="false" >
150-->[androidx.work:work-runtime:2.9.0] AndroidManifest.xml:104:13-37
151            <intent-filter>
151-->[androidx.work:work-runtime:2.9.0] AndroidManifest.xml:106:13-108:29
152                <action android:name="android.net.conn.CONNECTIVITY_CHANGE" />
152-->[androidx.work:work-runtime:2.9.0] AndroidManifest.xml:107:17-79
152-->[androidx.work:work-runtime:2.9.0] AndroidManifest.xml:107:25-76
153            </intent-filter>
154        </receiver>
155        <receiver
155-->[androidx.work:work-runtime:2.9.0] AndroidManifest.xml:110:9-121:20
156            android:name="androidx.work.impl.background.systemalarm.RescheduleReceiver"
156-->[androidx.work:work-runtime:2.9.0] AndroidManifest.xml:111:13-88
157            android:directBootAware="false"
157-->[androidx.work:work-runtime:2.9.0] AndroidManifest.xml:112:13-44
158            android:enabled="false"
158-->[androidx.work:work-runtime:2.9.0] AndroidManifest.xml:113:13-36
159            android:exported="false" >
159-->[androidx.work:work-runtime:2.9.0] AndroidManifest.xml:114:13-37
160            <intent-filter>
160-->[androidx.work:work-runtime:2.9.0] AndroidManifest.xml:116:13-120:29
161                <action android:name="android.intent.action.BOOT_COMPLETED" />
161-->src\main\AndroidManifest.xml:62:17-79
161-->src\main\AndroidManifest.xml:62:25-76
162                <action android:name="android.intent.action.TIME_SET" />
162-->[androidx.work:work-runtime:2.9.0] AndroidManifest.xml:118:17-73
162-->[androidx.work:work-runtime:2.9.0] AndroidManifest.xml:118:25-70
163                <action android:name="android.intent.action.TIMEZONE_CHANGED" />
163-->[androidx.work:work-runtime:2.9.0] AndroidManifest.xml:119:17-81
163-->[androidx.work:work-runtime:2.9.0] AndroidManifest.xml:119:25-78
164            </intent-filter>
165        </receiver>
166        <receiver
166-->[androidx.work:work-runtime:2.9.0] AndroidManifest.xml:122:9-131:20
167            android:name="androidx.work.impl.background.systemalarm.ConstraintProxyUpdateReceiver"
167-->[androidx.work:work-runtime:2.9.0] AndroidManifest.xml:123:13-99
168            android:directBootAware="false"
168-->[androidx.work:work-runtime:2.9.0] AndroidManifest.xml:124:13-44
169            android:enabled="@bool/enable_system_alarm_service_default"
169-->[androidx.work:work-runtime:2.9.0] AndroidManifest.xml:125:13-72
170            android:exported="false" >
170-->[androidx.work:work-runtime:2.9.0] AndroidManifest.xml:126:13-37
171            <intent-filter>
171-->[androidx.work:work-runtime:2.9.0] AndroidManifest.xml:128:13-130:29
172                <action android:name="androidx.work.impl.background.systemalarm.UpdateProxies" />
172-->[androidx.work:work-runtime:2.9.0] AndroidManifest.xml:129:17-98
172-->[androidx.work:work-runtime:2.9.0] AndroidManifest.xml:129:25-95
173            </intent-filter>
174        </receiver>
175        <receiver
175-->[androidx.work:work-runtime:2.9.0] AndroidManifest.xml:132:9-142:20
176            android:name="androidx.work.impl.diagnostics.DiagnosticsReceiver"
176-->[androidx.work:work-runtime:2.9.0] AndroidManifest.xml:133:13-78
177            android:directBootAware="false"
177-->[androidx.work:work-runtime:2.9.0] AndroidManifest.xml:134:13-44
178            android:enabled="true"
178-->[androidx.work:work-runtime:2.9.0] AndroidManifest.xml:135:13-35
179            android:exported="true"
179-->[androidx.work:work-runtime:2.9.0] AndroidManifest.xml:136:13-36
180            android:permission="android.permission.DUMP" >
180-->[androidx.work:work-runtime:2.9.0] AndroidManifest.xml:137:13-57
181            <intent-filter>
181-->[androidx.work:work-runtime:2.9.0] AndroidManifest.xml:139:13-141:29
182                <action android:name="androidx.work.diagnostics.REQUEST_DIAGNOSTICS" />
182-->[androidx.work:work-runtime:2.9.0] AndroidManifest.xml:140:17-88
182-->[androidx.work:work-runtime:2.9.0] AndroidManifest.xml:140:25-85
183            </intent-filter>
184        </receiver>
185
186        <activity
186-->[com.google.android.gms:play-services-auth:21.0.0] AndroidManifest.xml:23:9-27:75
187            android:name="com.google.android.gms.auth.api.signin.internal.SignInHubActivity"
187-->[com.google.android.gms:play-services-auth:21.0.0] AndroidManifest.xml:24:13-93
188            android:excludeFromRecents="true"
188-->[com.google.android.gms:play-services-auth:21.0.0] AndroidManifest.xml:25:13-46
189            android:exported="false"
189-->[com.google.android.gms:play-services-auth:21.0.0] AndroidManifest.xml:26:13-37
190            android:theme="@android:style/Theme.Translucent.NoTitleBar" />
190-->[com.google.android.gms:play-services-auth:21.0.0] AndroidManifest.xml:27:13-72
191        <!--
192            Service handling Google Sign-In user revocation. For apps that do not integrate with
193            Google Sign-In, this service will never be started.
194        -->
195        <service
195-->[com.google.android.gms:play-services-auth:21.0.0] AndroidManifest.xml:33:9-37:51
196            android:name="com.google.android.gms.auth.api.signin.RevocationBoundService"
196-->[com.google.android.gms:play-services-auth:21.0.0] AndroidManifest.xml:34:13-89
197            android:exported="true"
197-->[com.google.android.gms:play-services-auth:21.0.0] AndroidManifest.xml:35:13-36
198            android:permission="com.google.android.gms.auth.api.signin.permission.REVOCATION_NOTIFICATION"
198-->[com.google.android.gms:play-services-auth:21.0.0] AndroidManifest.xml:36:13-107
199            android:visibleToInstantApps="true" />
199-->[com.google.android.gms:play-services-auth:21.0.0] AndroidManifest.xml:37:13-48
200
201        <activity
201-->[com.google.firebase:firebase-auth:22.3.0] AndroidManifest.xml:29:9-46:20
202            android:name="com.google.firebase.auth.internal.GenericIdpActivity"
202-->[com.google.firebase:firebase-auth:22.3.0] AndroidManifest.xml:30:13-80
203            android:excludeFromRecents="true"
203-->[com.google.firebase:firebase-auth:22.3.0] AndroidManifest.xml:31:13-46
204            android:exported="true"
204-->[com.google.firebase:firebase-auth:22.3.0] AndroidManifest.xml:32:13-36
205            android:launchMode="singleTask"
205-->[com.google.firebase:firebase-auth:22.3.0] AndroidManifest.xml:33:13-44
206            android:theme="@android:style/Theme.Translucent.NoTitleBar" >
206-->[com.google.firebase:firebase-auth:22.3.0] AndroidManifest.xml:34:13-72
207            <intent-filter>
207-->[com.google.firebase:firebase-auth:22.3.0] AndroidManifest.xml:35:13-45:29
208                <action android:name="android.intent.action.VIEW" />
208-->[com.google.firebase:firebase-auth:22.3.0] AndroidManifest.xml:36:17-69
208-->[com.google.firebase:firebase-auth:22.3.0] AndroidManifest.xml:36:25-66
209
210                <category android:name="android.intent.category.DEFAULT" />
210-->[com.google.firebase:firebase-auth:22.3.0] AndroidManifest.xml:38:17-76
210-->[com.google.firebase:firebase-auth:22.3.0] AndroidManifest.xml:38:27-73
211                <category android:name="android.intent.category.BROWSABLE" />
211-->[com.google.firebase:firebase-auth:22.3.0] AndroidManifest.xml:39:17-78
211-->[com.google.firebase:firebase-auth:22.3.0] AndroidManifest.xml:39:27-75
212
213                <data
213-->[com.google.firebase:firebase-auth:22.3.0] AndroidManifest.xml:41:17-44:51
214                    android:host="firebase.auth"
214-->[com.google.firebase:firebase-auth:22.3.0] AndroidManifest.xml:42:21-49
215                    android:path="/"
215-->[com.google.firebase:firebase-auth:22.3.0] AndroidManifest.xml:43:21-37
216                    android:scheme="genericidp" />
216-->[com.google.firebase:firebase-auth:22.3.0] AndroidManifest.xml:44:21-48
217            </intent-filter>
218        </activity>
219        <activity
219-->[com.google.firebase:firebase-auth:22.3.0] AndroidManifest.xml:47:9-64:20
220            android:name="com.google.firebase.auth.internal.RecaptchaActivity"
220-->[com.google.firebase:firebase-auth:22.3.0] AndroidManifest.xml:48:13-79
221            android:excludeFromRecents="true"
221-->[com.google.firebase:firebase-auth:22.3.0] AndroidManifest.xml:49:13-46
222            android:exported="true"
222-->[com.google.firebase:firebase-auth:22.3.0] AndroidManifest.xml:50:13-36
223            android:launchMode="singleTask"
223-->[com.google.firebase:firebase-auth:22.3.0] AndroidManifest.xml:51:13-44
224            android:theme="@android:style/Theme.Translucent.NoTitleBar" >
224-->[com.google.firebase:firebase-auth:22.3.0] AndroidManifest.xml:52:13-72
225            <intent-filter>
225-->[com.google.firebase:firebase-auth:22.3.0] AndroidManifest.xml:53:13-63:29
226                <action android:name="android.intent.action.VIEW" />
226-->[com.google.firebase:firebase-auth:22.3.0] AndroidManifest.xml:36:17-69
226-->[com.google.firebase:firebase-auth:22.3.0] AndroidManifest.xml:36:25-66
227
228                <category android:name="android.intent.category.DEFAULT" />
228-->[com.google.firebase:firebase-auth:22.3.0] AndroidManifest.xml:38:17-76
228-->[com.google.firebase:firebase-auth:22.3.0] AndroidManifest.xml:38:27-73
229                <category android:name="android.intent.category.BROWSABLE" />
229-->[com.google.firebase:firebase-auth:22.3.0] AndroidManifest.xml:39:17-78
229-->[com.google.firebase:firebase-auth:22.3.0] AndroidManifest.xml:39:27-75
230
231                <data
231-->[com.google.firebase:firebase-auth:22.3.0] AndroidManifest.xml:41:17-44:51
232                    android:host="firebase.auth"
232-->[com.google.firebase:firebase-auth:22.3.0] AndroidManifest.xml:42:21-49
233                    android:path="/"
233-->[com.google.firebase:firebase-auth:22.3.0] AndroidManifest.xml:43:21-37
234                    android:scheme="recaptcha" />
234-->[com.google.firebase:firebase-auth:22.3.0] AndroidManifest.xml:44:21-48
235            </intent-filter>
236        </activity>
237
238        <service
238-->[com.google.firebase:firebase-auth:22.3.0] AndroidManifest.xml:66:9-72:19
239            android:name="com.google.firebase.components.ComponentDiscoveryService"
239-->[com.google.firebase:firebase-auth:22.3.0] AndroidManifest.xml:67:13-84
240            android:directBootAware="true"
240-->[com.google.firebase:firebase-common:20.4.2] AndroidManifest.xml:32:13-43
241            android:exported="false" >
241-->[com.google.firebase:firebase-auth:22.3.0] AndroidManifest.xml:68:13-37
242            <meta-data
242-->[com.google.firebase:firebase-auth:22.3.0] AndroidManifest.xml:69:13-71:85
243                android:name="com.google.firebase.components:com.google.firebase.auth.FirebaseAuthRegistrar"
243-->[com.google.firebase:firebase-auth:22.3.0] AndroidManifest.xml:70:17-109
244                android:value="com.google.firebase.components.ComponentRegistrar" />
244-->[com.google.firebase:firebase-auth:22.3.0] AndroidManifest.xml:71:17-82
245            <meta-data
245-->[com.google.firebase:firebase-messaging:23.4.0] AndroidManifest.xml:57:13-59:85
246                android:name="com.google.firebase.components:com.google.firebase.messaging.FirebaseMessagingKtxRegistrar"
246-->[com.google.firebase:firebase-messaging:23.4.0] AndroidManifest.xml:58:17-122
247                android:value="com.google.firebase.components.ComponentRegistrar" />
247-->[com.google.firebase:firebase-messaging:23.4.0] AndroidManifest.xml:59:17-82
248            <meta-data
248-->[com.google.firebase:firebase-messaging:23.4.0] AndroidManifest.xml:60:13-62:85
249                android:name="com.google.firebase.components:com.google.firebase.messaging.FirebaseMessagingRegistrar"
249-->[com.google.firebase:firebase-messaging:23.4.0] AndroidManifest.xml:61:17-119
250                android:value="com.google.firebase.components.ComponentRegistrar" />
250-->[com.google.firebase:firebase-messaging:23.4.0] AndroidManifest.xml:62:17-82
251            <meta-data
251-->[com.google.firebase:firebase-database:20.3.0] AndroidManifest.xml:29:13-31:85
252                android:name="com.google.firebase.components:com.google.firebase.database.FirebaseDatabaseKtxRegistrar"
252-->[com.google.firebase:firebase-database:20.3.0] AndroidManifest.xml:30:17-120
253                android:value="com.google.firebase.components.ComponentRegistrar" />
253-->[com.google.firebase:firebase-database:20.3.0] AndroidManifest.xml:31:17-82
254            <meta-data
254-->[com.google.firebase:firebase-database:20.3.0] AndroidManifest.xml:32:13-34:85
255                android:name="com.google.firebase.components:com.google.firebase.database.DatabaseRegistrar"
255-->[com.google.firebase:firebase-database:20.3.0] AndroidManifest.xml:33:17-109
256                android:value="com.google.firebase.components.ComponentRegistrar" />
256-->[com.google.firebase:firebase-database:20.3.0] AndroidManifest.xml:34:17-82
257            <meta-data
257-->[com.google.firebase:firebase-installations:17.2.0] AndroidManifest.xml:15:13-17:85
258                android:name="com.google.firebase.components:com.google.firebase.installations.FirebaseInstallationsKtxRegistrar"
258-->[com.google.firebase:firebase-installations:17.2.0] AndroidManifest.xml:16:17-130
259                android:value="com.google.firebase.components.ComponentRegistrar" />
259-->[com.google.firebase:firebase-installations:17.2.0] AndroidManifest.xml:17:17-82
260            <meta-data
260-->[com.google.firebase:firebase-installations:17.2.0] AndroidManifest.xml:18:13-20:85
261                android:name="com.google.firebase.components:com.google.firebase.installations.FirebaseInstallationsRegistrar"
261-->[com.google.firebase:firebase-installations:17.2.0] AndroidManifest.xml:19:17-127
262                android:value="com.google.firebase.components.ComponentRegistrar" />
262-->[com.google.firebase:firebase-installations:17.2.0] AndroidManifest.xml:20:17-82
263            <meta-data
263-->[com.google.firebase:firebase-common-ktx:20.4.2] AndroidManifest.xml:12:13-14:85
264                android:name="com.google.firebase.components:com.google.firebase.ktx.FirebaseCommonLegacyRegistrar"
264-->[com.google.firebase:firebase-common-ktx:20.4.2] AndroidManifest.xml:13:17-116
265                android:value="com.google.firebase.components.ComponentRegistrar" />
265-->[com.google.firebase:firebase-common-ktx:20.4.2] AndroidManifest.xml:14:17-82
266            <meta-data
266-->[com.google.firebase:firebase-common:20.4.2] AndroidManifest.xml:35:13-37:85
267                android:name="com.google.firebase.components:com.google.firebase.FirebaseCommonKtxRegistrar"
267-->[com.google.firebase:firebase-common:20.4.2] AndroidManifest.xml:36:17-109
268                android:value="com.google.firebase.components.ComponentRegistrar" />
268-->[com.google.firebase:firebase-common:20.4.2] AndroidManifest.xml:37:17-82
269            <meta-data
269-->[com.google.firebase:firebase-datatransport:18.1.7] AndroidManifest.xml:27:13-29:85
270                android:name="com.google.firebase.components:com.google.firebase.datatransport.TransportRegistrar"
270-->[com.google.firebase:firebase-datatransport:18.1.7] AndroidManifest.xml:28:17-115